In file included from /usr/include/bonobo-activation-2.0/bonobo-activation/bonobo-activation-activate.h:27,
                 from /tmp/5831_1202642565_1.cpp:1:
/usr/include/bonobo-activation-2.0/bonobo-activation/Bonobo_Activation_types.h:7:18: error: glib.h: No such file or directory
/usr/include/bonobo-activation-2.0/bonobo-activation/Bonobo_Activation_types.h:9:31: error: orbit/orbit-types.h: No such file or directory
/usr/include/bonobo-activation-2.0/bonobo-activation/Bonobo_Activation_types.h:1243:44: error: orbit/orb-core/orbit-interface.h: No such file or directory
/usr/include/bonobo-activation-2.0/bonobo-activation/Bonobo_Activation_types.h:1258:25: error: orbit/orbit.h: No such file or directory
In file included from /tmp/5831_1202642565_1.cpp:2:
/usr/include/bonobo-activation-2.0/bonobo-activation/bonobo-activation-init.h:31:26: error: glib/goption.h: No such file or directory
Installing parsers: Asm, Asp, Awk, BETA, C, C++, C#, Fortran, Java, Lisp, Lua, Make, Pascal, Perl, PHP, Python, Ruby, Scheme, Sh, SML, SQL, Tcl, Vera, Verilog, Vim
    Asm: 
    Asp: 
    Awk: 
    BETA: 
    C: 
    C++: 
    C#: 
    Fortran: 
    Java: 
    Lisp: 
    Lua: 
    Make: 
    Pascal: 
    Perl: 
    PHP: 
    Python: 
    Ruby: 
    Scheme: 
    Sh: 
    SML: 
    SQL: 
    Tcl: 
    Vera: 
    Verilog: 
    Vim: 
OPENING /tmp/5831_1202642565_2.cpp as C++ language file
