In file included from /usr/include/cairo/cairo-ft.h:47,
                 from /tmp/4362_1202642528_1.cpp:4:
/usr/include/ft2build.h:56:38: error: freetype/config/ftheader.h: No such file or directory
In file included from /tmp/4362_1202642528_1.cpp:4:
/usr/include/cairo/cairo-ft.h:48:10: error: #include expects "FILENAME" or <FILENAME>
Installing parsers: Asm, Asp, Awk, BETA, C, C++, C#, Fortran, Java, Lisp, Lua, Make, Pascal, Perl, PHP, Python, Ruby, Scheme, Sh, SML, SQL, Tcl, Vera, Verilog, Vim
    Asm: 
    Asp: 
    Awk: 
    BETA: 
    C: 
    C++: 
    C#: 
    Fortran: 
    Java: 
    Lisp: 
    Lua: 
    Make: 
    Pascal: 
    Perl: 
    PHP: 
    Python: 
    Ruby: 
    Scheme: 
    Sh: 
    SML: 
    SQL: 
    Tcl: 
    Vera: 
    Verilog: 
    Vim: 
OPENING /tmp/4362_1202642528_2.cpp as C++ language file
