In file included from /usr/include/gconf/2/gconf/gconf-changeset.h:23,
                 from /tmp/4663_1202642532_1.cpp:1:
/usr/include/gconf/2/gconf/gconf.h:23:18: error: glib.h: No such file or directory
In file included from /usr/include/gconf/2/gconf/gconf.h:30,
                 from /usr/include/gconf/2/gconf/gconf-changeset.h:23,
                 from /tmp/4663_1202642532_1.cpp:1:
/usr/include/gconf/2/gconf/gconf-enum-types.h:7:25: error: glib-object.h: No such file or directory
Installing parsers: Asm, Asp, Awk, BETA, C, C++, C#, Fortran, Java, Lisp, Lua, Make, Pascal, Perl, PHP, Python, Ruby, Scheme, Sh, SML, SQL, Tcl, Vera, Verilog, Vim
    Asm: 
    Asp: 
    Awk: 
    BETA: 
    C: 
    C++: 
    C#: 
    Fortran: 
    Java: 
    Lisp: 
    Lua: 
    Make: 
    Pascal: 
    Perl: 
    PHP: 
    Python: 
    Ruby: 
    Scheme: 
    Sh: 
    SML: 
    SQL: 
    Tcl: 
    Vera: 
    Verilog: 
    Vim: 
OPENING /tmp/4663_1202642532_2.cpp as C++ language file
