In file included from /tmp/5365_1202642556_1.cpp:1:
/usr/include/gtk-2.0/gtk/gtkdebug.h:30:18: error: glib.h: No such file or directory
In file included from /usr/include/gtk-2.0/gdk/gdkcairo.h:23,
                 from /usr/include/gtk-2.0/gdk/gdk.h:30,
                 from /usr/include/gtk-2.0/gtk/gtkframe.h:31,
                 from /tmp/5365_1202642556_1.cpp:2:
/usr/include/gtk-2.0/gdk/gdkcolor.h:30:19: error: cairo.h: No such file or directory
In file included from /usr/include/gtk-2.0/gdk/gdkcolor.h:31,
                 from /usr/include/gtk-2.0/gdk/gdkcairo.h:23,
                 from /usr/include/gtk-2.0/gdk/gdk.h:30,
                 from /usr/include/gtk-2.0/gtk/gtkframe.h:31,
                 from /tmp/5365_1202642556_1.cpp:2:
/usr/include/gtk-2.0/gdk/gdktypes.h:33:25: error: pango/pango.h: No such file or directory
/usr/include/gtk-2.0/gdk/gdktypes.h:34:25: error: glib-object.h: No such file or directory
In file included from /usr/include/gtk-2.0/gdk-pixbuf/gdk-pixbuf.h:37,
                 from /usr/include/gtk-2.0/gdk/gdkpixbuf.h:33,
                 from /usr/include/gtk-2.0/gdk/gdkcairo.h:24,
                 from /usr/include/gtk-2.0/gdk/gdk.h:30,
                 from /usr/include/gtk-2.0/gtk/gtkframe.h:31,
                 from /tmp/5365_1202642556_1.cpp:2:
/usr/include/gtk-2.0/gdk-pixbuf/gdk-pixbuf-io.h:34:21: error: gmodule.h: No such file or directory
In file included from /usr/include/gtk-2.0/gdk/gdk.h:30,
                 from /usr/include/gtk-2.0/gtk/gtkframe.h:31,
                 from /tmp/5365_1202642556_1.cpp:2:
/usr/include/gtk-2.0/gdk/gdkcairo.h:25:30: error: pango/pangocairo.h: No such file or directory
In file included from /usr/include/gtk-2.0/gdk/gdk.h:38,
                 from /usr/include/gtk-2.0/gtk/gtkframe.h:31,
                 from /tmp/5365_1202642556_1.cpp:2:
/usr/include/gtk-2.0/gdk/gdkfont.h:33:30: error: pango/pango-font.h: No such file or directory
In file included from /usr/include/gtk-2.0/gdk/gdk.h:52,
                 from /usr/include/gtk-2.0/gtk/gtkframe.h:31,
                 from /tmp/5365_1202642556_1.cpp:2:
/usr/include/gtk-2.0/gdk/gdkspawn.h:26:25: error: glib/gspawn.h: No such file or directory
In file included from /usr/include/gtk-2.0/gtk/gtkcontainer.h:33,
                 from /usr/include/gtk-2.0/gtk/gtkbin.h:32,
                 from /usr/include/gtk-2.0/gtk/gtkframe.h:32,
                 from /tmp/5365_1202642556_1.cpp:2:
/usr/include/gtk-2.0/gtk/gtkwidget.h:36:27: error: atk/atkobject.h: No such file or directory
In file included from /usr/include/gtk-2.0/gtk/gtkprintoperationpreview.h:27,
                 from /tmp/5365_1202642556_1.cpp:10:
/usr/include/gtk-2.0/gtk/gtkprintcontext.h:25:32: error: pango/pango-layout.h: No such file or directory
In file included from /usr/include/gtk-2.0/gtk/gtk.h:36,
                 from /tmp/5365_1202642556_1.cpp:67:
/usr/include/gtk-2.0/gtk/gtkaccessible.h:23:21: error: atk/atk.h: No such file or directory
In file included from /usr/include/gtk-2.0/gtk/gtktextdisplay.h:80,
                 from /tmp/5365_1202642556_1.cpp:70:
/usr/include/gtk-2.0/gtk/gtktextlayout.h:89:2: error: #error "You are not supposed to be including this file; the equivalent public API is in gtktextview.h"
In file included from /tmp/5365_1202642556_1.cpp:132:
/usr/include/gtk-2.0/gtk/gtkfilechooserutils.h:30:2: error: #error "gtkfilechooserutils.h is not supported API for general use"
In file included from /usr/include/gtk-2.0/gtk/gtkfilechooserutils.h:33,
                 from /tmp/5365_1202642556_1.cpp:132:
/usr/include/gtk-2.0/gtk/gtkfilechooserprivate.h:29:2: error: #error "gtkfilechooserprivate.h is not supported API for general use"
In file included from /usr/include/gtk-2.0/gtk/gtkfilechooserprivate.h:33,
                 from /usr/include/gtk-2.0/gtk/gtkfilechooserutils.h:33,
                 from /tmp/5365_1202642556_1.cpp:132:
/usr/include/gtk-2.0/gtk/gtkfilesystem.h:29:2: error: #error "GtkFileSystem is not supported API for general use"
In file included from /usr/include/gtk-2.0/gtk/gtkfilechooserprivate.h:34,
                 from /usr/include/gtk-2.0/gtk/gtkfilechooserutils.h:33,
                 from /tmp/5365_1202642556_1.cpp:132:
/usr/include/gtk-2.0/gtk/gtkfilesystemmodel.h:25:2: error: #error "GtkFileSystemModel is not supported API for general use"
In file included from /usr/include/gtk-2.0/gtk/gtkfilechooserprivate.h:37,
                 from /usr/include/gtk-2.0/gtk/gtkfilechooserutils.h:33,
                 from /tmp/5365_1202642556_1.cpp:132:
/usr/include/gtk-2.0/gtk/gtksearchengine.h:31:2: error: #error "gtkfilechooserprivate.h is not supported API for general use"
In file included from /usr/include/gtk-2.0/gtk/gtksearchengine.h:35,
                 from /usr/include/gtk-2.0/gtk/gtkfilechooserprivate.h:37,
                 from /usr/include/gtk-2.0/gtk/gtkfilechooserutils.h:33,
                 from /tmp/5365_1202642556_1.cpp:132:
/usr/include/gtk-2.0/gtk/gtkquery.h:31:2: error: #error "gtkfilechooserprivate.h is not supported API for general use"
Installing parsers: Asm, Asp, Awk, BETA, C, C++, C#, Fortran, Java, Lisp, Lua, Make, Pascal, Perl, PHP, Python, Ruby, Scheme, Sh, SML, SQL, Tcl, Vera, Verilog, Vim
    Asm: 
    Asp: 
    Awk: 
    BETA: 
    C: 
    C++: 
    C#: 
    Fortran: 
    Java: 
    Lisp: 
    Lua: 
    Make: 
    Pascal: 
    Perl: 
    PHP: 
    Python: 
    Ruby: 
    Scheme: 
    Sh: 
    SML: 
    SQL: 
    Tcl: 
    Vera: 
    Verilog: 
    Vim: 
OPENING /tmp/5365_1202642556_2.cpp as C++ language file
