In file included from /tmp/5803_1202642565_1.cpp:1:
/usr/include/libglade-2.0/glade/glade.h:25:18: error: glib.h: No such file or directory
In file included from /usr/include/libglade-2.0/glade/glade.h:28,
                 from /tmp/5803_1202642565_1.cpp:1:
/usr/include/libglade-2.0/glade/glade-xml.h:26:27: error: gtk/gtkwidget.h: No such file or directory
/usr/include/libglade-2.0/glade/glade-xml.h:27:29: error: gtk/gtktooltips.h: No such file or directory
In file included from /tmp/5803_1202642565_1.cpp:4:
/usr/include/libglade-2.0/glade/glade-build.h:26:25: error: glib-object.h: No such file or directory
/usr/include/libglade-2.0/glade/glade-build.h:27:21: error: gmodule.h: No such file or directory
/usr/include/libglade-2.0/glade/glade-build.h:30:27: error: gtk/gtkwindow.h: No such file or directory
/usr/include/libglade-2.0/glade/glade-build.h:31:31: error: gtk/gtkaccelgroup.h: No such file or directory
/usr/include/libglade-2.0/glade/glade-build.h:32:31: error: gtk/gtkadjustment.h: No such file or directory
In file included from /usr/include/libglade-2.0/glade/glade-build.h:34,
                 from /tmp/5803_1202642565_1.cpp:4:
/usr/include/libglade-2.0/glade/glade-parser.h:27:21: error: gdk/gdk.h: No such file or directory
Installing parsers: Asm, Asp, Awk, BETA, C, C++, C#, Fortran, Java, Lisp, Lua, Make, Pascal, Perl, PHP, Python, Ruby, Scheme, Sh, SML, SQL, Tcl, Vera, Verilog, Vim
    Asm: 
    Asp: 
    Awk: 
    BETA: 
    C: 
    C++: 
    C#: 
    Fortran: 
    Java: 
    Lisp: 
    Lua: 
    Make: 
    Pascal: 
    Perl: 
    PHP: 
    Python: 
    Ruby: 
    Scheme: 
    Sh: 
    SML: 
    SQL: 
    Tcl: 
    Vera: 
    Verilog: 
    Vim: 
OPENING /tmp/5803_1202642565_2.cpp as C++ language file
