In file included from /tmp/4901_1202642536_1.cpp:1:
/usr/include/libgnome-2.0/libgnome/gnome-i18n.h:37:18: error: glib.h: No such file or directory
/usr/include/libgnome-2.0/libgnome/gnome-i18n.h:41:32: error: bonobo/bonobo-i18n.h: No such file or directory
In file included from /usr/include/libgnome-2.0/libgnome/libgnome.h:29,
                 from /usr/include/libgnome-2.0/libgnome/libgnometypebuiltins.h:7,
                 from /tmp/4901_1202642536_1.cpp:3:
/usr/include/libgnome-2.0/libgnome/gnome-program.h:38:25: error: glib-object.h: No such file or directory
In file included from /usr/include/libgnome-2.0/libgnome/libgnome.h:36,
                 from /usr/include/libgnome-2.0/libgnome/libgnometypebuiltins.h:7,
                 from /tmp/4901_1202642536_1.cpp:3:
/usr/include/libgnome-2.0/libgnome/gnome-help.h:26:26: error: glib/gmacros.h: No such file or directory
In file included from /usr/include/libgnome-2.0/libgnome/libgnome.h:38,
                 from /usr/include/libgnome-2.0/libgnome/libgnometypebuiltins.h:7,
                 from /tmp/4901_1202642536_1.cpp:3:
/usr/include/libgnome-2.0/libgnome/gnome-macros.h:33:34: error: bonobo/bonobo-macros.h: No such file or directory
In file included from /usr/include/libgnome-2.0/libgnome/libgnome.h:48,
                 from /usr/include/libgnome-2.0/libgnome/libgnometypebuiltins.h:7,
                 from /tmp/4901_1202642536_1.cpp:3:
/usr/include/libgnome-2.0/libgnome/gnome-url.h:28:25: error: glib/gerror.h: No such file or directory
Installing parsers: Asm, Asp, Awk, BETA, C, C++, C#, Fortran, Java, Lisp, Lua, Make, Pascal, Perl, PHP, Python, Ruby, Scheme, Sh, SML, SQL, Tcl, Vera, Verilog, Vim
    Asm: 
    Asp: 
    Awk: 
    BETA: 
    C: 
    C++: 
    C#: 
    Fortran: 
    Java: 
    Lisp: 
    Lua: 
    Make: 
    Pascal: 
    Perl: 
    PHP: 
    Python: 
    Ruby: 
    Scheme: 
    Sh: 
    SML: 
    SQL: 
    Tcl: 
    Vera: 
    Verilog: 
    Vim: 
OPENING /tmp/4901_1202642536_2.cpp as C++ language file
