In file included from /usr/include/libgnomecanvas-2.0/libgnomecanvas/gnome-canvas-rect-ellipse.h:38,
                 from /tmp/5055_1202642540_1.cpp:1:
/usr/include/libgnomecanvas-2.0/libgnomecanvas/gnome-canvas.h:40:27: error: gtk/gtklayout.h: No such file or directory
/usr/include/libgnomecanvas-2.0/libgnomecanvas/gnome-canvas.h:42:34: error: libart_lgpl/art_misc.h: No such file or directory
/usr/include/libgnomecanvas-2.0/libgnomecanvas/gnome-canvas.h:43:34: error: libart_lgpl/art_rect.h: No such file or directory
/usr/include/libgnomecanvas-2.0/libgnomecanvas/gnome-canvas.h:44:33: error: libart_lgpl/art_svp.h: No such file or directory
/usr/include/libgnomecanvas-2.0/libgnomecanvas/gnome-canvas.h:45:33: error: libart_lgpl/art_uta.h: No such file or directory
/usr/include/libgnomecanvas-2.0/libgnomecanvas/gnome-canvas.h:46:36: error: libart_lgpl/art_affine.h: No such file or directory
In file included from /usr/include/libgnomecanvas-2.0/libgnomecanvas/gnome-canvas-shape.h:18,
                 from /usr/include/libgnomecanvas-2.0/libgnomecanvas/gnome-canvas-rect-ellipse.h:40,
                 from /tmp/5055_1202642540_1.cpp:1:
/usr/include/libgnomecanvas-2.0/libgnomecanvas/gnome-canvas-path-def.h:18:25: error: glib-object.h: No such file or directory
/usr/include/libgnomecanvas-2.0/libgnomecanvas/gnome-canvas-path-def.h:19:35: error: libart_lgpl/art_bpath.h: No such file or directory
In file included from /tmp/5055_1202642540_1.cpp:6:
/usr/include/libgnomecanvas-2.0/libgnomecanvas/gnome-canvas-rich-text.h:27:31: error: gtk/gtktextbuffer.h: No such file or directory
In file included from /usr/include/libgnomecanvas-2.0/libgnomecanvas/libgnomecanvas.h:38,
                 from /tmp/5055_1202642540_1.cpp:11:
/usr/include/libgnomecanvas-2.0/libgnomecanvas/gnome-canvas-util.h:39:35: error: libart_lgpl/art_vpath.h: No such file or directory
/usr/include/libgnomecanvas-2.0/libgnomecanvas/gnome-canvas-util.h:40:46: error: libart_lgpl/art_svp_vpath_stroke.h: No such file or directory
In file included from /usr/include/libgnomecanvas-2.0/libgnomecanvas/libgnomecanvas.h:39,
                 from /tmp/5055_1202642540_1.cpp:11:
/usr/include/libgnomecanvas-2.0/libgnomecanvas/gnome-canvas-clipgroup.h:21:38: error: libart_lgpl/art_svp_wind.h: No such file or directory
/usr/include/libgnomecanvas-2.0/libgnomecanvas/gnome-canvas-clipgroup.h:22:40: error: libart_lgpl/art_vpath_dash.h: No such file or directory
Installing parsers: Asm, Asp, Awk, BETA, C, C++, C#, Fortran, Java, Lisp, Lua, Make, Pascal, Perl, PHP, Python, Ruby, Scheme, Sh, SML, SQL, Tcl, Vera, Verilog, Vim
    Asm: 
    Asp: 
    Awk: 
    BETA: 
    C: 
    C++: 
    C#: 
    Fortran: 
    Java: 
    Lisp: 
    Lua: 
    Make: 
    Pascal: 
    Perl: 
    PHP: 
    Python: 
    Ruby: 
    Scheme: 
    Sh: 
    SML: 
    SQL: 
    Tcl: 
    Vera: 
    Verilog: 
    Vim: 
OPENING /tmp/5055_1202642540_2.cpp as C++ language file
