In file included from /tmp/5309_1202642555_1.cpp:1:
/usr/include/orbit-2.0/orbit-idl/orbit-idl-backend.h:28:26: error: glib/gmacros.h: No such file or directory
/usr/include/orbit-2.0/orbit-idl/orbit-idl-backend.h:29:24: error: libIDL/IDL.h: No such file or directory
Installing parsers: Asm, Asp, Awk, BETA, C, C++, C#, Fortran, Java, Lisp, Lua, Make, Pascal, Perl, PHP, Python, Ruby, Scheme, Sh, SML, SQL, Tcl, Vera, Verilog, Vim
    Asm: 
    Asp: 
    Awk: 
    BETA: 
    C: 
    C++: 
    C#: 
    Fortran: 
    Java: 
    Lisp: 
    Lua: 
    Make: 
    Pascal: 
    Perl: 
    PHP: 
    Python: 
    Ruby: 
    Scheme: 
    Sh: 
    SML: 
    SQL: 
    Tcl: 
    Vera: 
    Verilog: 
    Vim: 
OPENING /tmp/5309_1202642555_2.cpp as C++ language file
