In file included from /tmp/5627_1202642560_1.cpp:1:
/usr/include/pango-1.0/pango/pango-matrix.h:25:18: error: glib.h: No such file or directory
/usr/include/pango-1.0/pango/pango-matrix.h:26:25: error: glib-object.h: No such file or directory
In file included from /usr/include/pango-1.0/pango/pangofc-font.h:25,
                 from /tmp/5627_1202642560_1.cpp:4:
/usr/include/ft2build.h:56:38: error: freetype/config/ftheader.h: No such file or directory
In file included from /tmp/5627_1202642560_1.cpp:4:
/usr/include/pango-1.0/pango/pangofc-font.h:26:10: error: #include expects "FILENAME" or <FILENAME>
In file included from /usr/include/pango-1.0/pango/pangoxft-render.h:31,
                 from /usr/include/pango-1.0/pango/pangoxft.h:30,
                 from /tmp/5627_1202642560_1.cpp:12:
/usr/include/X11/Xft/Xft.h:42:10: error: #include expects "FILENAME" or <FILENAME>
In file included from /tmp/5627_1202642560_1.cpp:14:
/usr/include/pango-1.0/pango/pangocairo.h:28:19: error: cairo.h: No such file or directory
Installing parsers: Asm, Asp, Awk, BETA, C, C++, C#, Fortran, Java, Lisp, Lua, Make, Pascal, Perl, PHP, Python, Ruby, Scheme, Sh, SML, SQL, Tcl, Vera, Verilog, Vim
    Asm: 
    Asp: 
    Awk: 
    BETA: 
    C: 
    C++: 
    C#: 
    Fortran: 
    Java: 
    Lisp: 
    Lua: 
    Make: 
    Pascal: 
    Perl: 
    PHP: 
    Python: 
    Ruby: 
    Scheme: 
    Sh: 
    SML: 
    SQL: 
    Tcl: 
    Vera: 
    Verilog: 
    Vim: 
OPENING /tmp/5627_1202642560_2.cpp as C++ language file
